{"/home/katy/Área de Trabalho/SAP003-md-links/lib/index.js": {"path":"/home/katy/Área de Trabalho/SAP003-md-links/lib/index.js","statementMap":{"0":{"start":{"line":1,"column":11},"end":{"line":1,"column":24}},"1":{"start":{"line":4,"column":4},"end":{"line":22,"column":6}},"2":{"start":{"line":5,"column":8},"end":{"line":21,"column":10}},"3":{"start":{"line":6,"column":12},"end":{"line":20,"column":13}},"4":{"start":{"line":7,"column":16},"end":{"line":7,"column":43}},"5":{"start":{"line":9,"column":28},"end":{"line":9,"column":43}},"6":{"start":{"line":10,"column":30},"end":{"line":10,"column":68}},"7":{"start":{"line":12,"column":26},"end":{"line":12,"column":28}},"8":{"start":{"line":13,"column":16},"end":{"line":18,"column":17}},"9":{"start":{"line":14,"column":20},"end":{"line":16,"column":21}},"10":{"start":{"line":15,"column":24},"end":{"line":15,"column":42}},"11":{"start":{"line":17,"column":20},"end":{"line":17,"column":55}},"12":{"start":{"line":19,"column":16},"end":{"line":19,"column":29}},"13":{"start":{"line":25,"column":0},"end":{"line":25,"column":24}}},"fnMap":{"0":{"name":"mdLinks","decl":{"start":{"line":3,"column":9},"end":{"line":3,"column":16}},"loc":{"start":{"line":3,"column":23},"end":{"line":23,"column":1}},"line":3},"1":{"name":"(anonymous_1)","decl":{"start":{"line":4,"column":23},"end":{"line":4,"column":24}},"loc":{"start":{"line":4,"column":44},"end":{"line":22,"column":5}},"line":4},"2":{"name":"(anonymous_2)","decl":{"start":{"line":5,"column":26},"end":{"line":5,"column":27}},"loc":{"start":{"line":5,"column":40},"end":{"line":21,"column":9}},"line":5}},"branchMap":{"0":{"loc":{"start":{"line":6,"column":12},"end":{"line":20,"column":13}},"type":"if","locations":[{"start":{"line":6,"column":12},"end":{"line":20,"column":13}},{"start":{"line":6,"column":12},"end":{"line":20,"column":13}}],"line":6},"1":{"loc":{"start":{"line":14,"column":20},"end":{"line":16,"column":21}},"type":"if","locations":[{"start":{"line":14,"column":20},"end":{"line":16,"column":21}},{"start":{"line":14,"column":20},"end":{"line":16,"column":21}}],"line":14}},"s":{"0":1,"1":2,"2":2,"3":2,"4":1,"5":1,"6":1,"7":1,"8":1,"9":2,"10":0,"11":2,"12":1,"13":1},"f":{"0":2,"1":2,"2":2},"b":{"0":[1,1],"1":[0,2]},"_coverageSchema":"43e27e138ebf9cfc5966b082cf9a028302ed4184","hash":"485610393e79f97124893e9592cecf00e808c4e8"}
}
