{"/home/katy/Área de Trabalho/SAP003-md-links/lib/index.js": {"path":"/home/katy/Área de Trabalho/SAP003-md-links/lib/index.js","statementMap":{"0":{"start":{"line":4,"column":11},"end":{"line":4,"column":24}},"1":{"start":{"line":7,"column":2},"end":{"line":22,"column":5}},"2":{"start":{"line":8,"column":4},"end":{"line":21,"column":7}},"3":{"start":{"line":9,"column":6},"end":{"line":20,"column":7}},"4":{"start":{"line":10,"column":8},"end":{"line":10,"column":36}},"5":{"start":{"line":12,"column":20},"end":{"line":12,"column":35}},"6":{"start":{"line":13,"column":22},"end":{"line":13,"column":60}},"7":{"start":{"line":15,"column":20},"end":{"line":15,"column":22}},"8":{"start":{"line":16,"column":8},"end":{"line":18,"column":9}},"9":{"start":{"line":17,"column":10},"end":{"line":17,"column":47}},"10":{"start":{"line":19,"column":8},"end":{"line":19,"column":21}},"11":{"start":{"line":25,"column":0},"end":{"line":25,"column":25}}},"fnMap":{"0":{"name":"mdLinks","decl":{"start":{"line":6,"column":9},"end":{"line":6,"column":16}},"loc":{"start":{"line":6,"column":23},"end":{"line":23,"column":1}},"line":6},"1":{"name":"(anonymous_1)","decl":{"start":{"line":7,"column":21},"end":{"line":7,"column":22}},"loc":{"start":{"line":7,"column":42},"end":{"line":22,"column":3}},"line":7},"2":{"name":"(anonymous_2)","decl":{"start":{"line":8,"column":22},"end":{"line":8,"column":23}},"loc":{"start":{"line":8,"column":37},"end":{"line":21,"column":5}},"line":8}},"branchMap":{"0":{"loc":{"start":{"line":9,"column":6},"end":{"line":20,"column":7}},"type":"if","locations":[{"start":{"line":9,"column":6},"end":{"line":20,"column":7}},{"start":{"line":9,"column":6},"end":{"line":20,"column":7}}],"line":9}},"s":{"0":1,"1":2,"2":2,"3":2,"4":1,"5":1,"6":1,"7":1,"8":1,"9":2,"10":1,"11":1},"f":{"0":2,"1":2,"2":2},"b":{"0":[1,1]},"_coverageSchema":"43e27e138ebf9cfc5966b082cf9a028302ed4184","hash":"ed8936928e4d91cb1b5585b11f0e2f35f8e387af"}
}
